{"level": error,"message": Error: connect ETIMEDOUT,"timestamp": 2025-06-07 08:03:07}
{"level": error,"message": Error: connect ETIMEDOUT,"timestamp": 2025-06-07 08:03:07}
{"level": error,"message": Error: connect ETIMEDOUT,"timestamp": 2025-06-07 08:03:17}
{"level": error,"message": Error: connect ETIMEDOUT,"timestamp": 2025-06-07 08:03:17}
{"level": info,"message": Card reader device connected,"timestamp": 2025-06-07 08:16:15}
{"level": info,"message": ID card inserted - ready to read,"timestamp": 2025-06-07 08:16:15}
{"level": info,"message": Initializing card reading process,"timestamp": 2025-06-07 08:16:16}
{"level": info,"message": Starting to read card data,"timestamp": 2025-06-07 08:16:16}
{"level": info,"message": Reading progress: citizen_id,"timestamp": 2025-06-07 08:16:16}
{"level": info,"message": Reading progress: personal_info,"timestamp": 2025-06-07 08:16:16}
{"level": info,"message": Reading progress: address,"timestamp": 2025-06-07 08:16:16}
{"level": info,"message": Reading progress: issue_expire,"timestamp": 2025-06-07 08:16:16}
{"level": info,"message": Reading progress: photo,"timestamp": 2025-06-07 08:16:16}
{"level": info,"message": Reading progress: photo,"timestamp": 2025-06-07 08:16:16}
{"level": info,"message": Reading progress: photo,"timestamp": 2025-06-07 08:16:16}
{"level": info,"message": Reading progress: photo,"timestamp": 2025-06-07 08:16:16}
{"level": info,"message": Reading progress: photo,"timestamp": 2025-06-07 08:16:16}
{"level": info,"message": Reading progress: photo,"timestamp": 2025-06-07 08:16:17}
{"level": info,"message": Reading progress: photo,"timestamp": 2025-06-07 08:16:17}
{"level": info,"message": Reading progress: photo,"timestamp": 2025-06-07 08:16:17}
{"level": info,"message": Reading progress: photo,"timestamp": 2025-06-07 08:16:17}
{"level": info,"message": Reading progress: photo,"timestamp": 2025-06-07 08:16:17}
{"level": info,"message": Reading progress: photo,"timestamp": 2025-06-07 08:16:17}
{"level": info,"message": Reading progress: photo,"timestamp": 2025-06-07 08:16:17}
{"level": info,"message": Reading progress: photo,"timestamp": 2025-06-07 08:16:17}
{"level": info,"message": Reading progress: photo,"timestamp": 2025-06-07 08:16:17}
{"level": info,"message": Reading progress: photo,"timestamp": 2025-06-07 08:16:17}
{"level": info,"message": Reading progress: photo,"timestamp": 2025-06-07 08:16:17}
{"level": info,"message": Reading progress: photo,"timestamp": 2025-06-07 08:16:17}
{"level": info,"message": Reading progress: photo,"timestamp": 2025-06-07 08:16:17}
{"level": info,"message": Reading progress: photo,"timestamp": 2025-06-07 08:16:17}
{"level": info,"message": Reading progress: photo,"timestamp": 2025-06-07 08:16:17}
{"level": info,"message": Reading progress: photo,"timestamp": 2025-06-07 08:16:17}
{"level": info,"message": Card reading completed successfully,"timestamp": 2025-06-07 08:16:17}
{"level": info,"message": Card data read successfully,"timestamp": 2025-06-07 08:16:17}
{"level": info,"message": Card reader device disconnected,"timestamp": 2025-06-07 08:16:17}
{"level": info,"message": Card reader service closed,"timestamp": 2025-06-07 08:16:17}
