{"level": info,"message": Card reader service closed,"timestamp": 2025-06-08 15:06:40}
{"level": info,"message": Card reader service closed,"timestamp": 2025-06-08 15:06:40}
{"level": info,"message": Card reader service closed,"timestamp": 2025-06-08 15:08:49}
{"level": info,"message": Card reader service closed,"timestamp": 2025-06-08 15:16:26}
{"level": info,"message": Card reader service closed,"timestamp": 2025-06-08 15:19:45}
{"level": info,"message": Card reader service closed,"timestamp": 2025-06-08 15:19:45}
{"level": info,"message": Card reader service closed,"timestamp": 2025-06-08 15:23:51}
{"level": info,"message": Card reader service closed,"timestamp": 2025-06-08 15:23:51}
{"level": info,"message": Card reader service closed,"timestamp": 2025-06-08 15:23:51}
{"level": info,"message": Card reader device connected,"timestamp": 2025-06-08 15:26:28}
{"level": info,"message": Card reader device connected,"timestamp": 2025-06-08 15:26:28}
{"level": info,"message": ID card removed from reader,"timestamp": 2025-06-08 15:26:28}
{"level": info,"message": ID card removed from reader,"timestamp": 2025-06-08 15:26:28}
{"level": info,"message": Card reader service closed,"timestamp": 2025-06-08 15:26:28}
{"level": info,"message": Card reader service closed,"timestamp": 2025-06-08 15:26:28}
{"level": info,"message": ID card inserted - ready to read,"timestamp": 2025-06-08 15:26:41}
{"level": info,"message": ID card inserted - ready to read,"timestamp": 2025-06-08 15:26:41}
{"level": info,"message": Initializing card reading process,"timestamp": 2025-06-08 15:26:42}
{"level": info,"message": Initializing card reading process,"timestamp": 2025-06-08 15:26:42}
{"level": info,"message": Starting to read card data,"timestamp": 2025-06-08 15:26:42}
{"level": info,"message": Starting to read card data,"timestamp": 2025-06-08 15:26:42}
{"level": info,"message": Reading progress: citizen_id,"timestamp": 2025-06-08 15:26:42}
{"level": error,"message": Failed to read card data,"timestamp": 2025-06-08 15:26:43}
{"level": warn,"message": Card reading failed: Card not found or removed,"timestamp": 2025-06-08 15:26:43}
{"level": error,"message": Failed to read card data,"timestamp": 2025-06-08 15:26:43}
{"level": warn,"message": Card reading failed: Card not found or removed,"timestamp": 2025-06-08 15:26:43}
{"level": info,"message": Card reader device connected,"timestamp": 2025-06-08 15:26:44}
{"level": info,"message": ID card inserted - ready to read,"timestamp": 2025-06-08 15:26:44}
{"level": info,"message": Initializing card reading process,"timestamp": 2025-06-08 15:26:45}
{"level": info,"message": Starting to read card data,"timestamp": 2025-06-08 15:26:45}
{"level": error,"message": Failed to read card data,"timestamp": 2025-06-08 15:26:45}
{"level": warn,"message": Card reading failed: Card not found or removed,"timestamp": 2025-06-08 15:26:45}
{"level": info,"message": Card reader device connected,"timestamp": 2025-06-08 15:26:49}
{"level": info,"message": ID card inserted - ready to read,"timestamp": 2025-06-08 15:26:49}
{"level": info,"message": Initializing card reading process,"timestamp": 2025-06-08 15:26:50}
{"level": info,"message": Starting to read card data,"timestamp": 2025-06-08 15:26:50}
{"level": error,"message": Failed to read card data,"timestamp": 2025-06-08 15:26:50}
{"level": warn,"message": Card reading failed: Card not found or removed,"timestamp": 2025-06-08 15:26:50}
{"level": info,"message": Card reader device connected,"timestamp": 2025-06-08 15:27:01}
{"level": info,"message": ID card inserted - ready to read,"timestamp": 2025-06-08 15:27:01}
{"level": info,"message": Initializing card reading process,"timestamp": 2025-06-08 15:27:02}
{"level": info,"message": Starting to read card data,"timestamp": 2025-06-08 15:27:02}
{"level": info,"message": Reading progress: citizen_id,"timestamp": 2025-06-08 15:27:02}
{"level": info,"message": Reading progress: personal_info,"timestamp": 2025-06-08 15:27:02}
{"level": info,"message": Reading progress: address,"timestamp": 2025-06-08 15:27:02}
{"level": info,"message": Reading progress: issue_expire,"timestamp": 2025-06-08 15:27:02}
{"level": info,"message": Reading progress: photo,"timestamp": 2025-06-08 15:27:02}
{"level": info,"message": Reading progress: photo,"timestamp": 2025-06-08 15:27:02}
{"level": info,"message": Reading progress: photo,"timestamp": 2025-06-08 15:27:02}
{"level": info,"message": Reading progress: photo,"timestamp": 2025-06-08 15:27:02}
{"level": info,"message": Reading progress: photo,"timestamp": 2025-06-08 15:27:02}
{"level": info,"message": Reading progress: photo,"timestamp": 2025-06-08 15:27:02}
{"level": info,"message": Reading progress: photo,"timestamp": 2025-06-08 15:27:03}
{"level": info,"message": Reading progress: photo,"timestamp": 2025-06-08 15:27:03}
{"level": info,"message": Reading progress: photo,"timestamp": 2025-06-08 15:27:03}
{"level": info,"message": Reading progress: photo,"timestamp": 2025-06-08 15:27:03}
{"level": info,"message": Reading progress: photo,"timestamp": 2025-06-08 15:27:03}
{"level": info,"message": Reading progress: photo,"timestamp": 2025-06-08 15:27:03}
{"level": info,"message": Reading progress: photo,"timestamp": 2025-06-08 15:27:03}
{"level": info,"message": Reading progress: photo,"timestamp": 2025-06-08 15:27:03}
{"level": info,"message": Reading progress: photo,"timestamp": 2025-06-08 15:27:03}
{"level": info,"message": Reading progress: photo,"timestamp": 2025-06-08 15:27:03}
{"level": info,"message": Reading progress: photo,"timestamp": 2025-06-08 15:27:03}
{"level": info,"message": Reading progress: photo,"timestamp": 2025-06-08 15:27:03}
{"level": info,"message": Reading progress: photo,"timestamp": 2025-06-08 15:27:03}
{"level": info,"message": Reading progress: photo,"timestamp": 2025-06-08 15:27:03}
{"level": info,"message": Reading progress: photo,"timestamp": 2025-06-08 15:27:03}
{"level": info,"message": Card reading completed successfully,"timestamp": 2025-06-08 15:27:03}
{"level": info,"message": Card data read successfully,"timestamp": 2025-06-08 15:27:03}
{"level": info,"message": Card reader device disconnected,"timestamp": 2025-06-08 15:27:03}
{"level": info,"message": Card reader service closed,"timestamp": 2025-06-08 15:27:03}
{"level": info,"message": Card reader device connected,"timestamp": 2025-06-08 15:27:06}
{"level": info,"message": ID card inserted - ready to read,"timestamp": 2025-06-08 15:27:06}
{"level": info,"message": Initializing card reading process,"timestamp": 2025-06-08 15:27:07}
{"level": info,"message": Starting to read card data,"timestamp": 2025-06-08 15:27:07}
{"level": info,"message": Reading progress: citizen_id,"timestamp": 2025-06-08 15:27:08}
{"level": info,"message": Reading progress: personal_info,"timestamp": 2025-06-08 15:27:08}
{"level": info,"message": Reading progress: address,"timestamp": 2025-06-08 15:27:08}
{"level": info,"message": Reading progress: issue_expire,"timestamp": 2025-06-08 15:27:08}
{"level": info,"message": Reading progress: photo,"timestamp": 2025-06-08 15:27:08}
{"level": info,"message": Reading progress: photo,"timestamp": 2025-06-08 15:27:08}
{"level": info,"message": Reading progress: photo,"timestamp": 2025-06-08 15:27:08}
{"level": info,"message": Reading progress: photo,"timestamp": 2025-06-08 15:27:08}
{"level": info,"message": Reading progress: photo,"timestamp": 2025-06-08 15:27:08}
{"level": info,"message": Reading progress: photo,"timestamp": 2025-06-08 15:27:08}
{"level": info,"message": Reading progress: photo,"timestamp": 2025-06-08 15:27:08}
{"level": info,"message": Reading progress: photo,"timestamp": 2025-06-08 15:27:08}
{"level": info,"message": Reading progress: photo,"timestamp": 2025-06-08 15:27:08}
{"level": info,"message": Reading progress: photo,"timestamp": 2025-06-08 15:27:08}
{"level": info,"message": Reading progress: photo,"timestamp": 2025-06-08 15:27:08}
{"level": info,"message": Reading progress: photo,"timestamp": 2025-06-08 15:27:08}
{"level": info,"message": Reading progress: photo,"timestamp": 2025-06-08 15:27:08}
{"level": info,"message": Reading progress: photo,"timestamp": 2025-06-08 15:27:08}
{"level": info,"message": Reading progress: photo,"timestamp": 2025-06-08 15:27:08}
{"level": info,"message": Reading progress: photo,"timestamp": 2025-06-08 15:27:08}
{"level": info,"message": Reading progress: photo,"timestamp": 2025-06-08 15:27:08}
{"level": info,"message": Reading progress: photo,"timestamp": 2025-06-08 15:27:08}
{"level": info,"message": Reading progress: photo,"timestamp": 2025-06-08 15:27:08}
{"level": info,"message": Reading progress: photo,"timestamp": 2025-06-08 15:27:08}
{"level": info,"message": Reading progress: photo,"timestamp": 2025-06-08 15:27:08}
{"level": info,"message": Card reading completed successfully,"timestamp": 2025-06-08 15:27:08}
{"level": info,"message": Card data read successfully,"timestamp": 2025-06-08 15:27:08}
{"level": info,"message": Card reader device disconnected,"timestamp": 2025-06-08 15:27:08}
{"level": info,"message": Card reader service closed,"timestamp": 2025-06-08 15:27:08}
{"level": info,"message": Card reader device connected,"timestamp": 2025-06-08 15:27:16}
{"level": info,"message": ID card inserted - ready to read,"timestamp": 2025-06-08 15:27:16}
{"level": info,"message": Initializing card reading process,"timestamp": 2025-06-08 15:27:17}
{"level": info,"message": Starting to read card data,"timestamp": 2025-06-08 15:27:17}
{"level": info,"message": Reading progress: citizen_id,"timestamp": 2025-06-08 15:27:17}
{"level": info,"message": Reading progress: personal_info,"timestamp": 2025-06-08 15:27:17}
{"level": info,"message": Reading progress: address,"timestamp": 2025-06-08 15:27:17}
{"level": info,"message": Reading progress: issue_expire,"timestamp": 2025-06-08 15:27:17}
{"level": info,"message": Reading progress: photo,"timestamp": 2025-06-08 15:27:17}
{"level": info,"message": Reading progress: photo,"timestamp": 2025-06-08 15:27:17}
{"level": info,"message": Reading progress: photo,"timestamp": 2025-06-08 15:27:17}
{"level": info,"message": Reading progress: photo,"timestamp": 2025-06-08 15:27:17}
{"level": info,"message": Reading progress: photo,"timestamp": 2025-06-08 15:27:17}
{"level": info,"message": Reading progress: photo,"timestamp": 2025-06-08 15:27:17}
{"level": info,"message": Reading progress: photo,"timestamp": 2025-06-08 15:27:17}
{"level": info,"message": Reading progress: photo,"timestamp": 2025-06-08 15:27:17}
{"level": info,"message": Reading progress: photo,"timestamp": 2025-06-08 15:27:17}
{"level": info,"message": Reading progress: photo,"timestamp": 2025-06-08 15:27:18}
{"level": info,"message": Reading progress: photo,"timestamp": 2025-06-08 15:27:18}
{"level": info,"message": Reading progress: photo,"timestamp": 2025-06-08 15:27:18}
{"level": info,"message": Reading progress: photo,"timestamp": 2025-06-08 15:27:18}
{"level": info,"message": Reading progress: photo,"timestamp": 2025-06-08 15:27:18}
{"level": info,"message": Reading progress: photo,"timestamp": 2025-06-08 15:27:18}
{"level": info,"message": Reading progress: photo,"timestamp": 2025-06-08 15:27:18}
{"level": info,"message": Reading progress: photo,"timestamp": 2025-06-08 15:27:18}
{"level": info,"message": Reading progress: photo,"timestamp": 2025-06-08 15:27:18}
{"level": info,"message": Reading progress: photo,"timestamp": 2025-06-08 15:27:18}
{"level": info,"message": Reading progress: photo,"timestamp": 2025-06-08 15:27:18}
{"level": info,"message": Reading progress: photo,"timestamp": 2025-06-08 15:27:18}
{"level": info,"message": Card reading completed successfully,"timestamp": 2025-06-08 15:27:18}
{"level": info,"message": Card data read successfully,"timestamp": 2025-06-08 15:27:18}
{"level": info,"message": Card reader device disconnected,"timestamp": 2025-06-08 15:27:18}
{"level": info,"message": Card reader service closed,"timestamp": 2025-06-08 15:27:18}
{"level": info,"message": Card reader device connected,"timestamp": 2025-06-08 15:27:30}
{"level": info,"message": ID card inserted - ready to read,"timestamp": 2025-06-08 15:27:30}
{"level": info,"message": Initializing card reading process,"timestamp": 2025-06-08 15:27:31}
{"level": info,"message": Starting to read card data,"timestamp": 2025-06-08 15:27:31}
{"level": info,"message": Reading progress: citizen_id,"timestamp": 2025-06-08 15:27:31}
{"level": info,"message": Reading progress: personal_info,"timestamp": 2025-06-08 15:27:31}
{"level": info,"message": Reading progress: address,"timestamp": 2025-06-08 15:27:31}
{"level": info,"message": Reading progress: issue_expire,"timestamp": 2025-06-08 15:27:31}
{"level": info,"message": Reading progress: photo,"timestamp": 2025-06-08 15:27:31}
{"level": info,"message": Reading progress: photo,"timestamp": 2025-06-08 15:27:31}
{"level": info,"message": Reading progress: photo,"timestamp": 2025-06-08 15:27:31}
{"level": info,"message": Reading progress: photo,"timestamp": 2025-06-08 15:27:31}
{"level": info,"message": Reading progress: photo,"timestamp": 2025-06-08 15:27:31}
{"level": info,"message": Reading progress: photo,"timestamp": 2025-06-08 15:27:31}
{"level": info,"message": Reading progress: photo,"timestamp": 2025-06-08 15:27:31}
{"level": info,"message": Reading progress: photo,"timestamp": 2025-06-08 15:27:31}
{"level": info,"message": Reading progress: photo,"timestamp": 2025-06-08 15:27:31}
{"level": info,"message": Reading progress: photo,"timestamp": 2025-06-08 15:27:31}
{"level": info,"message": Reading progress: photo,"timestamp": 2025-06-08 15:27:31}
{"level": info,"message": Reading progress: photo,"timestamp": 2025-06-08 15:27:31}
{"level": info,"message": Reading progress: photo,"timestamp": 2025-06-08 15:27:31}
{"level": info,"message": Reading progress: photo,"timestamp": 2025-06-08 15:27:31}
{"level": info,"message": Reading progress: photo,"timestamp": 2025-06-08 15:27:32}
{"level": info,"message": Reading progress: photo,"timestamp": 2025-06-08 15:27:32}
{"level": info,"message": Reading progress: photo,"timestamp": 2025-06-08 15:27:32}
{"level": info,"message": Reading progress: photo,"timestamp": 2025-06-08 15:27:32}
{"level": info,"message": Reading progress: photo,"timestamp": 2025-06-08 15:27:32}
{"level": info,"message": Reading progress: photo,"timestamp": 2025-06-08 15:27:32}
{"level": info,"message": Reading progress: photo,"timestamp": 2025-06-08 15:27:32}
{"level": info,"message": Card reading completed successfully,"timestamp": 2025-06-08 15:27:32}
{"level": info,"message": Card data read successfully,"timestamp": 2025-06-08 15:27:32}
{"level": info,"message": Card reader device disconnected,"timestamp": 2025-06-08 15:27:32}
{"level": info,"message": Card reader service closed,"timestamp": 2025-06-08 15:27:32}
{"level": info,"message": Card reader device connected,"timestamp": 2025-06-08 15:32:21}
{"level": info,"message": ID card inserted - ready to read,"timestamp": 2025-06-08 15:32:21}
{"level": info,"message": Initializing card reading process,"timestamp": 2025-06-08 15:32:22}
{"level": info,"message": Starting to read card data,"timestamp": 2025-06-08 15:32:22}
{"level": info,"message": Reading progress: citizen_id,"timestamp": 2025-06-08 15:32:22}
{"level": info,"message": Reading progress: personal_info,"timestamp": 2025-06-08 15:32:22}
{"level": info,"message": Reading progress: address,"timestamp": 2025-06-08 15:32:22}
{"level": info,"message": Reading progress: issue_expire,"timestamp": 2025-06-08 15:32:22}
{"level": info,"message": Reading progress: photo,"timestamp": 2025-06-08 15:32:22}
{"level": info,"message": Reading progress: photo,"timestamp": 2025-06-08 15:32:22}
{"level": info,"message": Reading progress: photo,"timestamp": 2025-06-08 15:32:22}
{"level": info,"message": Reading progress: photo,"timestamp": 2025-06-08 15:32:22}
{"level": info,"message": Reading progress: photo,"timestamp": 2025-06-08 15:32:22}
{"level": info,"message": Reading progress: photo,"timestamp": 2025-06-08 15:32:22}
{"level": info,"message": Reading progress: photo,"timestamp": 2025-06-08 15:32:22}
{"level": info,"message": Reading progress: photo,"timestamp": 2025-06-08 15:32:22}
{"level": info,"message": Reading progress: photo,"timestamp": 2025-06-08 15:32:22}
{"level": info,"message": Reading progress: photo,"timestamp": 2025-06-08 15:32:22}
{"level": info,"message": Reading progress: photo,"timestamp": 2025-06-08 15:32:22}
{"level": info,"message": Reading progress: photo,"timestamp": 2025-06-08 15:32:22}
{"level": info,"message": Reading progress: photo,"timestamp": 2025-06-08 15:32:22}
{"level": info,"message": Reading progress: photo,"timestamp": 2025-06-08 15:32:23}
{"level": info,"message": Reading progress: photo,"timestamp": 2025-06-08 15:32:23}
{"level": info,"message": Reading progress: photo,"timestamp": 2025-06-08 15:32:23}
{"level": info,"message": Reading progress: photo,"timestamp": 2025-06-08 15:32:23}
{"level": info,"message": Reading progress: photo,"timestamp": 2025-06-08 15:32:23}
{"level": info,"message": Reading progress: photo,"timestamp": 2025-06-08 15:32:23}
{"level": info,"message": Reading progress: photo,"timestamp": 2025-06-08 15:32:23}
{"level": info,"message": Reading progress: photo,"timestamp": 2025-06-08 15:32:23}
{"level": info,"message": Card reading completed successfully,"timestamp": 2025-06-08 15:32:23}
{"level": info,"message": Card data read successfully,"timestamp": 2025-06-08 15:32:23}
{"level": info,"message": Card reader device disconnected,"timestamp": 2025-06-08 15:32:23}
{"level": info,"message": Card reader service closed,"timestamp": 2025-06-08 15:32:23}
{"level": info,"message": Card reader device connected,"timestamp": 2025-06-08 15:37:16}
{"level": info,"message": ID card inserted - ready to read,"timestamp": 2025-06-08 15:37:16}
{"level": info,"message": Initializing card reading process,"timestamp": 2025-06-08 15:37:17}
{"level": info,"message": Starting to read card data,"timestamp": 2025-06-08 15:37:17}
{"level": info,"message": Reading progress: citizen_id,"timestamp": 2025-06-08 15:37:17}
{"level": info,"message": Reading progress: personal_info,"timestamp": 2025-06-08 15:37:17}
{"level": info,"message": Reading progress: address,"timestamp": 2025-06-08 15:37:17}
{"level": info,"message": Reading progress: issue_expire,"timestamp": 2025-06-08 15:37:17}
{"level": info,"message": Reading progress: photo,"timestamp": 2025-06-08 15:37:17}
{"level": info,"message": Reading progress: photo,"timestamp": 2025-06-08 15:37:17}
{"level": info,"message": Reading progress: photo,"timestamp": 2025-06-08 15:37:17}
{"level": info,"message": Reading progress: photo,"timestamp": 2025-06-08 15:37:17}
{"level": info,"message": Reading progress: photo,"timestamp": 2025-06-08 15:37:17}
{"level": info,"message": Reading progress: photo,"timestamp": 2025-06-08 15:37:17}
{"level": info,"message": Reading progress: photo,"timestamp": 2025-06-08 15:37:17}
{"level": info,"message": Reading progress: photo,"timestamp": 2025-06-08 15:37:17}
{"level": info,"message": Reading progress: photo,"timestamp": 2025-06-08 15:37:17}
{"level": info,"message": Reading progress: photo,"timestamp": 2025-06-08 15:37:17}
{"level": info,"message": Reading progress: photo,"timestamp": 2025-06-08 15:37:18}
{"level": info,"message": Reading progress: photo,"timestamp": 2025-06-08 15:37:18}
{"level": info,"message": Reading progress: photo,"timestamp": 2025-06-08 15:37:18}
{"level": info,"message": Reading progress: photo,"timestamp": 2025-06-08 15:37:18}
{"level": info,"message": Reading progress: photo,"timestamp": 2025-06-08 15:37:18}
{"level": info,"message": Reading progress: photo,"timestamp": 2025-06-08 15:37:18}
{"level": info,"message": Reading progress: photo,"timestamp": 2025-06-08 15:37:18}
{"level": info,"message": Reading progress: photo,"timestamp": 2025-06-08 15:37:18}
{"level": info,"message": Reading progress: photo,"timestamp": 2025-06-08 15:37:18}
{"level": info,"message": Reading progress: photo,"timestamp": 2025-06-08 15:37:18}
{"level": info,"message": Reading progress: photo,"timestamp": 2025-06-08 15:37:18}
{"level": info,"message": Card reading completed successfully,"timestamp": 2025-06-08 15:37:18}
{"level": info,"message": Card data read successfully,"timestamp": 2025-06-08 15:37:18}
{"level": info,"message": Card reader device disconnected,"timestamp": 2025-06-08 15:37:18}
{"level": info,"message": Card reader service closed,"timestamp": 2025-06-08 15:37:18}
{"level": info,"message": Card reader device connected,"timestamp": 2025-06-08 15:37:27}
{"level": info,"message": ID card inserted - ready to read,"timestamp": 2025-06-08 15:37:27}
{"level": info,"message": Initializing card reading process,"timestamp": 2025-06-08 15:37:28}
{"level": info,"message": Starting to read card data,"timestamp": 2025-06-08 15:37:29}
{"level": info,"message": Reading progress: citizen_id,"timestamp": 2025-06-08 15:37:29}
{"level": info,"message": Reading progress: personal_info,"timestamp": 2025-06-08 15:37:29}
{"level": info,"message": Reading progress: address,"timestamp": 2025-06-08 15:37:29}
{"level": info,"message": Reading progress: issue_expire,"timestamp": 2025-06-08 15:37:29}
{"level": info,"message": Reading progress: photo,"timestamp": 2025-06-08 15:37:29}
{"level": info,"message": Reading progress: photo,"timestamp": 2025-06-08 15:37:29}
{"level": info,"message": Reading progress: photo,"timestamp": 2025-06-08 15:37:29}
{"level": info,"message": Reading progress: photo,"timestamp": 2025-06-08 15:37:29}
{"level": info,"message": Reading progress: photo,"timestamp": 2025-06-08 15:37:29}
{"level": info,"message": Reading progress: photo,"timestamp": 2025-06-08 15:37:29}
{"level": info,"message": Reading progress: photo,"timestamp": 2025-06-08 15:37:29}
{"level": info,"message": Reading progress: photo,"timestamp": 2025-06-08 15:37:29}
{"level": info,"message": Reading progress: photo,"timestamp": 2025-06-08 15:37:29}
{"level": info,"message": Reading progress: photo,"timestamp": 2025-06-08 15:37:29}
{"level": info,"message": Reading progress: photo,"timestamp": 2025-06-08 15:37:29}
{"level": info,"message": Reading progress: photo,"timestamp": 2025-06-08 15:37:29}
{"level": info,"message": Reading progress: photo,"timestamp": 2025-06-08 15:37:29}
{"level": info,"message": Reading progress: photo,"timestamp": 2025-06-08 15:37:29}
{"level": info,"message": Reading progress: photo,"timestamp": 2025-06-08 15:37:29}
{"level": info,"message": Reading progress: photo,"timestamp": 2025-06-08 15:37:29}
{"level": info,"message": Reading progress: photo,"timestamp": 2025-06-08 15:37:29}
{"level": info,"message": Reading progress: photo,"timestamp": 2025-06-08 15:37:29}
{"level": info,"message": Reading progress: photo,"timestamp": 2025-06-08 15:37:29}
{"level": info,"message": Reading progress: photo,"timestamp": 2025-06-08 15:37:29}
{"level": info,"message": Reading progress: photo,"timestamp": 2025-06-08 15:37:29}
{"level": info,"message": Card reading completed successfully,"timestamp": 2025-06-08 15:37:29}
{"level": info,"message": Card data read successfully,"timestamp": 2025-06-08 15:37:29}
{"level": info,"message": Card reader device disconnected,"timestamp": 2025-06-08 15:37:29}
{"level": info,"message": Card reader service closed,"timestamp": 2025-06-08 15:37:29}
{"level": info,"message": ID card removed from reader,"timestamp": 2025-06-08 15:39:47}
{"level": info,"message": ID card removed from reader,"timestamp": 2025-06-08 15:39:47}
{"level": info,"message": ID card removed from reader,"timestamp": 2025-06-08 15:39:47}
{"level": info,"message": ID card removed from reader,"timestamp": 2025-06-08 15:39:47}
{"level": info,"message": Card reader service closed,"timestamp": 2025-06-08 15:39:47}
{"level": info,"message": Card reader service closed,"timestamp": 2025-06-08 15:39:47}
{"level": info,"message": Card reader device connected,"timestamp": 2025-06-08 15:39:54}
{"level": info,"message": ID card removed from reader,"timestamp": 2025-06-08 15:39:54}
{"level": info,"message": Card reader service closed,"timestamp": 2025-06-08 15:39:54}
{"level": info,"message": ID card inserted - ready to read,"timestamp": 2025-06-08 15:40:21}
{"level": info,"message": ID card inserted - ready to read,"timestamp": 2025-06-08 15:40:21}
{"level": info,"message": ID card inserted - ready to read,"timestamp": 2025-06-08 15:40:21}
{"level": info,"message": ID card inserted - ready to read,"timestamp": 2025-06-08 15:40:21}
{"level": info,"message": ID card inserted - ready to read,"timestamp": 2025-06-08 15:40:21}
{"level": info,"message": Initializing card reading process,"timestamp": 2025-06-08 15:40:22}
{"level": info,"message": Initializing card reading process,"timestamp": 2025-06-08 15:40:22}
{"level": info,"message": Initializing card reading process,"timestamp": 2025-06-08 15:40:22}
{"level": info,"message": Initializing card reading process,"timestamp": 2025-06-08 15:40:22}
{"level": info,"message": Initializing card reading process,"timestamp": 2025-06-08 15:40:22}
{"level": info,"message": Starting to read card data,"timestamp": 2025-06-08 15:40:22}
{"level": info,"message": Starting to read card data,"timestamp": 2025-06-08 15:40:22}
{"level": info,"message": Starting to read card data,"timestamp": 2025-06-08 15:40:22}
{"level": info,"message": Starting to read card data,"timestamp": 2025-06-08 15:40:22}
{"level": info,"message": Starting to read card data,"timestamp": 2025-06-08 15:40:22}
{"level": info,"message": Reading progress: citizen_id,"timestamp": 2025-06-08 15:40:22}
{"level": error,"message": Failed to read card data,"timestamp": 2025-06-08 15:40:23}
